\BOOKMARK [1][-]{section.1}{Ejercicio 1}{}% 1
\BOOKMARK [2][-]{subsection.1.1}{Limitaciones del programa}{section.1}% 2
\BOOKMARK [1][-]{section.2}{Ejercicio 2}{}% 3
\BOOKMARK [2][-]{subsection.2.1}{Expresi\363n en mint\351rminos}{section.2}% 4
\BOOKMARK [3][-]{subsubsection.2.1.1}{Simplificaci\363n con \301lgebra booleana}{subsection.2.1}% 5
\BOOKMARK [3][-]{subsubsection.2.1.2}{Simplificaci\363n con mapas de Karnaugh}{subsection.2.1}% 6
\BOOKMARK [3][-]{subsubsection.2.1.3}{Expresi\363n desarrollada usando NOR}{subsection.2.1}% 7
\BOOKMARK [3][-]{subsubsection.2.1.4}{Circuitos l\363gicos}{subsection.2.1}% 8
\BOOKMARK [2][-]{subsection.2.2}{Expresi\363n en maxt\351rminos}{section.2}% 9
\BOOKMARK [3][-]{subsubsection.2.2.1}{Simplificaci\363n con \301lgebra booleana}{subsection.2.2}% 10
\BOOKMARK [3][-]{subsubsection.2.2.2}{Simplificaci\363n con mapas de Karnaugh}{subsection.2.2}% 11
\BOOKMARK [3][-]{subsubsection.2.2.3}{Expresi\363n desarrollada usando NOR}{subsection.2.2}% 12
\BOOKMARK [3][-]{subsubsection.2.2.4}{Circuitos l\363gicos}{subsection.2.2}% 13
\BOOKMARK [1][-]{section.3}{Ejercicio 3}{}% 14
\BOOKMARK [2][-]{subsection.3.1}{Decoder de 4 salidas}{section.3}% 15
\BOOKMARK [2][-]{subsection.3.2}{MUX de 4 entradas}{section.3}% 16
\BOOKMARK [2][-]{subsection.3.3}{Test-bench}{section.3}% 17
\BOOKMARK [1][-]{section.4}{Ejercicio 4}{}% 18
\BOOKMARK [2][-]{subsection.4.1}{Tabla de verdad}{section.4}% 19
\BOOKMARK [2][-]{subsection.4.2}{Simplificaci\363n. Mapas de Karnaugh}{section.4}% 20
\BOOKMARK [2][-]{subsection.4.3}{Circuito l\363gico}{section.4}% 21
\BOOKMARK [2][-]{subsection.4.4}{Programa en Verilog}{section.4}% 22
\BOOKMARK [1][-]{section.5}{Ejercicio 5}{}% 23
\BOOKMARK [2][-]{subsection.5.1}{Proceso de dise\361o}{section.5}% 24
\BOOKMARK [2][-]{subsection.5.2}{Implementac\363n}{section.5}% 25
\BOOKMARK [2][-]{subsection.5.3}{Test-bench}{section.5}% 26
